<?xml version="1.0" encoding="UTF-8"?>
<!-- Generated by org.testng.reporters.JUnitReportReporter -->
<testsuite hostname="DESKTOP-0SL14KQ" failures="0" tests="1" name="testNGpackage.Remo" time="0.006" errors="0" timestamp="2023-05-23T09:39:37 IST" skipped="0">
  <testcase classname="testNGpackage.Remo" name="f2" time="0.006"/>
  <system-out>
    <![CDATA[Hii Selenium]]>
  </system-out>
</testsuite> <!-- testNGpackage.Remo -->
