<?xml version="1.0" encoding="UTF-8"?>
<!-- Generated by org.testng.reporters.JUnitReportReporter -->
<testsuite hostname="DESKTOP-0SL14KQ" failures="0" tests="1" name="testNGpackage2.Test2" time="17.344" errors="0" timestamp="2023-05-23T09:40:47 IST" skipped="0">
  <testcase classname="testNGpackage2.Test2" name="test2Method" time="17.344"/>
  <system-out/>
</testsuite> <!-- testNGpackage2.Test2 -->
