<?xml version="1.0" encoding="UTF-8"?>
<!-- Generated by org.testng.reporters.JUnitReportReporter -->
<testsuite hostname="DESKTOP-0SL14KQ" failures="0" tests="2" name="testNGAnnotations.Annotations" time="0.054" errors="0" timestamp="2023-05-23T10:15:14 IST" skipped="0">
  <testcase classname="testNGAnnotations.Annotations" name="f" time="0.032"/>
  <system-out>
    <![CDATA[Test Annotation]]>
  </system-out>
  <testcase classname="testNGAnnotations.Annotations" name="testMethod" time="0.022"/>
  <system-out>
    <![CDATA[Test Annotation2]]>
  </system-out>
</testsuite> <!-- testNGAnnotations.Annotations -->
