<?xml version="1.0" encoding="UTF-8"?>
<!-- Generated by org.testng.reporters.JUnitReportReporter -->
<testsuite hostname="DESKTOP-0SL14KQ" failures="0" tests="3" name="testNGpackage2.DemoTest1" time="0.008" errors="0" timestamp="2023-05-23T10:05:26 IST" skipped="0">
  <testcase classname="testNGpackage2.DemoTest1" name="a" time="0.004"/>
  <system-out>
    <![CDATA[ a method from DemoTest1]]>
  </system-out>
  <testcase classname="testNGpackage2.DemoTest1" name="c" time="0.002"/>
  <system-out>
    <![CDATA[ c method from DemoTest1]]>
  </system-out>
  <testcase classname="testNGpackage2.DemoTest1" name="b" time="0.002"/>
  <system-out>
    <![CDATA[ b method from DemoTest1]]>
  </system-out>
</testsuite> <!-- testNGpackage2.DemoTest1 -->
