<?xml version="1.0" encoding="UTF-8"?>
<!-- Generated by org.testng.reporters.JUnitReportReporter -->
<testsuite hostname="DESKTOP-0SL14KQ" failures="0" tests="1" name="testNGpackage2.Test1" time="6.808" errors="0" timestamp="2023-05-23T09:40:47 IST" skipped="0">
  <testcase classname="testNGpackage2.Test1" name="test1Method" time="6.808"/>
  <system-out/>
</testsuite> <!-- testNGpackage2.Test1 -->
