<?xml version="1.0" encoding="UTF-8"?>
<!-- Generated by org.testng.reporters.JUnitReportReporter -->
<testsuite hostname="DESKTOP-0SL14KQ" failures="0" tests="1" name="testNGpackage2.TestChrome" time="16.424" errors="0" timestamp="2023-05-24T10:36:20 IST" skipped="0">
  <testcase classname="testNGpackage2.TestChrome" name="TestChr" time="16.424"/>
  <system-out/>
</testsuite> <!-- testNGpackage2.TestChrome -->
