<?xml version="1.0" encoding="UTF-8"?>
<!-- Generated by org.testng.reporters.JUnitReportReporter -->
<testsuite hostname="DESKTOP-0SL14KQ" failures="0" tests="1" name="testNGpackage.Sumo" time="0.027" errors="0" timestamp="2023-05-23T09:39:37 IST" skipped="0">
  <testcase classname="testNGpackage.Sumo" name="f3" time="0.027"/>
  <system-out>
    <![CDATA[Hiii Manual]]>
  </system-out>
</testsuite> <!-- testNGpackage.Sumo -->
