<?xml version="1.0" encoding="UTF-8"?>
<!-- Generated by org.testng.reporters.JUnitReportReporter -->
<testsuite hostname="DESKTOP-0SL14KQ" failures="0" tests="1" name="testNGpackage2.Test3" time="75.938" errors="0" timestamp="2023-05-24T09:27:06 IST" skipped="0">
  <testcase classname="testNGpackage2.Test3" name="test3Method" time="75.938"/>
  <system-out/>
</testsuite> <!-- testNGpackage2.Test3 -->
