<?xml version="1.0" encoding="UTF-8"?>
<!-- Generated by org.testng.reporters.JUnitReportReporter -->
<testsuite hostname="DESKTOP-0SL14KQ" failures="0" tests="2" name="testNGExecution.SelectBrowser" time="15.630" errors="0" timestamp="2023-05-25T10:39:51 IST" skipped="0">
  <testcase classname="testNGExecution.SelectBrowser" name="method1" time="4.946"/>
  <system-out/>
  <testcase classname="testNGExecution.SelectBrowser" name="method1" time="10.684"/>
  <system-out/>
</testsuite> <!-- testNGExecution.SelectBrowser -->
