<?xml version="1.0" encoding="UTF-8"?>
<!-- Generated by org.testng.reporters.JUnitReportReporter -->
<testsuite hostname="DESKTOP-0SL14KQ" failures="0" tests="2" name="testNGFlags.Flag2Enable" time="0.021" errors="0" timestamp="2023-05-26T10:10:45 IST" skipped="0">
  <testcase classname="testNGFlags.Flag2Enable" name="method2" time="0.006"/>
  <system-out>
    <![CDATA[LogOut Performed!!]]>
  </system-out>
  <testcase classname="testNGFlags.Flag2Enable" name="method1" time="0.015"/>
  <system-out>
    <![CDATA[Login Performed!!]]>
  </system-out>
</testsuite> <!-- testNGFlags.Flag2Enable -->
