<?xml version="1.0" encoding="UTF-8"?>
<!-- Generated by org.testng.reporters.JUnitReportReporter -->
<testsuite hostname="DESKTOP-0SL14KQ" failures="0" tests="2" name="testNGpackage.Demo" time="0.012" errors="0" timestamp="2023-05-23T09:39:37 IST" skipped="0">
  <testcase classname="testNGpackage.Demo" name="g" time="0.004"/>
  <system-out>
    <![CDATA[Hi Java]]>
  </system-out>
  <testcase classname="testNGpackage.Demo" name="f" time="0.008"/>
  <system-out>
    <![CDATA[Hi Testing]]>
  </system-out>
</testsuite> <!-- testNGpackage.Demo -->
