<?xml version="1.0" encoding="UTF-8"?>
<!-- Generated by org.testng.reporters.JUnitReportReporter -->
<testsuite hostname="DESKTOP-0SL14KQ" failures="0" tests="2" name="testNGpackage2.MethodExecution" time="0.046" errors="0" timestamp="2023-05-24T10:25:19 IST" skipped="0">
  <testcase classname="testNGpackage2.MethodExecution" name="method2" time="0.021"/>
  <system-out>
    <![CDATA[18: is the thread id of Method
method2]]>
  </system-out>
  <testcase classname="testNGpackage2.MethodExecution" name="method1" time="0.025"/>
  <system-out>
    <![CDATA[17: is the thread id of Method
method1]]>
  </system-out>
</testsuite> <!-- testNGpackage2.MethodExecution -->
