<?xml version="1.0" encoding="UTF-8"?>
<!-- Generated by org.testng.reporters.JUnitReportReporter -->
<testsuite hostname="DESKTOP-0SL14KQ" failures="0" tests="3" name="testNGAnnotations.GoogleSearchTestCase" time="100.550" errors="0" timestamp="2023-05-23T10:43:10 IST" skipped="0">
  <testcase classname="testNGAnnotations.GoogleSearchTestCase" name="search2" time="34.404"/>
  <system-out/>
  <testcase classname="testNGAnnotations.GoogleSearchTestCase" name="search1" time="46.972"/>
  <system-out/>
  <testcase classname="testNGAnnotations.GoogleSearchTestCase" name="search3" time="19.174"/>
  <system-out/>
</testsuite> <!-- testNGAnnotations.GoogleSearchTestCase -->
